<?xml version="1.0" encoding="UTF-8"?>
<testsuite xmlns:xsi="http://www.w3.org/2001/XMLSchema-instance" xsi:noNamespaceSchemaLocation="https://maven.apache.org/surefire/maven-surefire-plugin/xsd/surefire-test-report-3.0.xsd" version="3.0" name="com.lms.LmsApplicationTests" time="1.916" tests="1" errors="0" skipped="0" failures="0">
  <properties>
    <property name="java.specification.version" value="17"/>
    <property name="sun.jnu.encoding" value="UTF-8"/>
    <property name="java.class.path" value="/Users/jgilhuly/Documents/dev/demos/demo-repo/java/target/test-classes:/Users/jgilhuly/Documents/dev/demos/demo-repo/java/target/classes:/Users/jgilhuly/.m2/repository/org/springframework/boot/spring-boot-starter-web/3.2.0/spring-boot-starter-web-3.2.0.jar:/Users/jgilhuly/.m2/repository/org/springframework/boot/spring-boot-starter/3.2.0/spring-boot-starter-3.2.0.jar:/Users/jgilhuly/.m2/repository/org/springframework/boot/spring-boot-starter-logging/3.2.0/spring-boot-starter-logging-3.2.0.jar:/Users/jgilhuly/.m2/repository/ch/qos/logback/logback-classic/1.4.11/logback-classic-1.4.11.jar:/Users/jgilhuly/.m2/repository/ch/qos/logback/logback-core/1.4.11/logback-core-1.4.11.jar:/Users/jgilhuly/.m2/repository/org/apache/logging/log4j/log4j-to-slf4j/2.21.1/log4j-to-slf4j-2.21.1.jar:/Users/jgilhuly/.m2/repository/org/apache/logging/log4j/log4j-api/2.21.1/log4j-api-2.21.1.jar:/Users/jgilhuly/.m2/repository/org/slf4j/jul-to-slf4j/2.0.9/jul-to-slf4j-2.0.9.jar:/Users/jgilhuly/.m2/repository/jakarta/annotation/jakarta.annotation-api/2.1.1/jakarta.annotation-api-2.1.1.jar:/Users/jgilhuly/.m2/repository/org/yaml/snakeyaml/2.2/snakeyaml-2.2.jar:/Users/jgilhuly/.m2/repository/org/springframework/boot/spring-boot-starter-json/3.2.0/spring-boot-starter-json-3.2.0.jar:/Users/jgilhuly/.m2/repository/com/fasterxml/jackson/datatype/jackson-datatype-jdk8/2.15.3/jackson-datatype-jdk8-2.15.3.jar:/Users/jgilhuly/.m2/repository/com/fasterxml/jackson/datatype/jackson-datatype-jsr310/2.15.3/jackson-datatype-jsr310-2.15.3.jar:/Users/jgilhuly/.m2/repository/com/fasterxml/jackson/module/jackson-module-parameter-names/2.15.3/jackson-module-parameter-names-2.15.3.jar:/Users/jgilhuly/.m2/repository/org/springframework/boot/spring-boot-starter-tomcat/3.2.0/spring-boot-starter-tomcat-3.2.0.jar:/Users/jgilhuly/.m2/repository/org/apache/tomcat/embed/tomcat-embed-core/10.1.16/tomcat-embed-core-10.1.16.jar:/Users/jgilhuly/.m2/repository/org/apache/tomcat/embed/tomcat-embed-websocket/10.1.16/tomcat-embed-websocket-10.1.16.jar:/Users/jgilhuly/.m2/repository/org/springframework/spring-web/6.1.1/spring-web-6.1.1.jar:/Users/jgilhuly/.m2/repository/org/springframework/spring-beans/6.1.1/spring-beans-6.1.1.jar:/Users/jgilhuly/.m2/repository/io/micrometer/micrometer-observation/1.12.0/micrometer-observation-1.12.0.jar:/Users/jgilhuly/.m2/repository/io/micrometer/micrometer-commons/1.12.0/micrometer-commons-1.12.0.jar:/Users/jgilhuly/.m2/repository/org/springframework/spring-webmvc/6.1.1/spring-webmvc-6.1.1.jar:/Users/jgilhuly/.m2/repository/org/springframework/spring-aop/6.1.1/spring-aop-6.1.1.jar:/Users/jgilhuly/.m2/repository/org/springframework/spring-context/6.1.1/spring-context-6.1.1.jar:/Users/jgilhuly/.m2/repository/org/springframework/spring-expression/6.1.1/spring-expression-6.1.1.jar:/Users/jgilhuly/.m2/repository/org/springframework/boot/spring-boot-starter-data-jpa/3.2.0/spring-boot-starter-data-jpa-3.2.0.jar:/Users/jgilhuly/.m2/repository/org/springframework/boot/spring-boot-starter-aop/3.2.0/spring-boot-starter-aop-3.2.0.jar:/Users/jgilhuly/.m2/repository/org/aspectj/aspectjweaver/1.9.20.1/aspectjweaver-1.9.20.1.jar:/Users/jgilhuly/.m2/repository/org/springframework/boot/spring-boot-starter-jdbc/3.2.0/spring-boot-starter-jdbc-3.2.0.jar:/Users/jgilhuly/.m2/repository/com/zaxxer/HikariCP/5.0.1/HikariCP-5.0.1.jar:/Users/jgilhuly/.m2/repository/org/springframework/spring-jdbc/6.1.1/spring-jdbc-6.1.1.jar:/Users/jgilhuly/.m2/repository/org/hibernate/orm/hibernate-core/6.3.1.Final/hibernate-core-6.3.1.Final.jar:/Users/jgilhuly/.m2/repository/jakarta/persistence/jakarta.persistence-api/3.1.0/jakarta.persistence-api-3.1.0.jar:/Users/jgilhuly/.m2/repository/jakarta/transaction/jakarta.transaction-api/2.0.1/jakarta.transaction-api-2.0.1.jar:/Users/jgilhuly/.m2/repository/org/jboss/logging/jboss-logging/3.5.3.Final/jboss-logging-3.5.3.Final.jar:/Users/jgilhuly/.m2/repository/org/hibernate/common/hibernate-commons-annotations/6.0.6.Final/hibernate-commons-annotations-6.0.6.Final.jar:/Users/jgilhuly/.m2/repository/io/smallrye/jandex/3.1.2/jandex-3.1.2.jar:/Users/jgilhuly/.m2/repository/com/fasterxml/classmate/1.6.0/classmate-1.6.0.jar:/Users/jgilhuly/.m2/repository/net/bytebuddy/byte-buddy/1.14.10/byte-buddy-1.14.10.jar:/Users/jgilhuly/.m2/repository/org/glassfish/jaxb/jaxb-runtime/4.0.4/jaxb-runtime-4.0.4.jar:/Users/jgilhuly/.m2/repository/org/glassfish/jaxb/jaxb-core/4.0.4/jaxb-core-4.0.4.jar:/Users/jgilhuly/.m2/repository/org/eclipse/angus/angus-activation/2.0.1/angus-activation-2.0.1.jar:/Users/jgilhuly/.m2/repository/org/glassfish/jaxb/txw2/4.0.4/txw2-4.0.4.jar:/Users/jgilhuly/.m2/repository/com/sun/istack/istack-commons-runtime/4.1.2/istack-commons-runtime-4.1.2.jar:/Users/jgilhuly/.m2/repository/jakarta/inject/jakarta.inject-api/2.0.1/jakarta.inject-api-2.0.1.jar:/Users/jgilhuly/.m2/repository/org/antlr/antlr4-runtime/4.10.1/antlr4-runtime-4.10.1.jar:/Users/jgilhuly/.m2/repository/org/springframework/data/spring-data-jpa/3.2.0/spring-data-jpa-3.2.0.jar:/Users/jgilhuly/.m2/repository/org/springframework/data/spring-data-commons/3.2.0/spring-data-commons-3.2.0.jar:/Users/jgilhuly/.m2/repository/org/springframework/spring-orm/6.1.1/spring-orm-6.1.1.jar:/Users/jgilhuly/.m2/repository/org/springframework/spring-tx/6.1.1/spring-tx-6.1.1.jar:/Users/jgilhuly/.m2/repository/org/slf4j/slf4j-api/2.0.9/slf4j-api-2.0.9.jar:/Users/jgilhuly/.m2/repository/org/springframework/spring-aspects/6.1.1/spring-aspects-6.1.1.jar:/Users/jgilhuly/.m2/repository/org/springframework/boot/spring-boot-starter-validation/3.2.0/spring-boot-starter-validation-3.2.0.jar:/Users/jgilhuly/.m2/repository/org/apache/tomcat/embed/tomcat-embed-el/10.1.16/tomcat-embed-el-10.1.16.jar:/Users/jgilhuly/.m2/repository/org/hibernate/validator/hibernate-validator/8.0.1.Final/hibernate-validator-8.0.1.Final.jar:/Users/jgilhuly/.m2/repository/jakarta/validation/jakarta.validation-api/3.0.2/jakarta.validation-api-3.0.2.jar:/Users/jgilhuly/.m2/repository/org/springframework/boot/spring-boot-starter-thymeleaf/3.2.0/spring-boot-starter-thymeleaf-3.2.0.jar:/Users/jgilhuly/.m2/repository/org/thymeleaf/thymeleaf-spring6/3.1.2.RELEASE/thymeleaf-spring6-3.1.2.RELEASE.jar:/Users/jgilhuly/.m2/repository/org/thymeleaf/thymeleaf/3.1.2.RELEASE/thymeleaf-3.1.2.RELEASE.jar:/Users/jgilhuly/.m2/repository/org/attoparser/attoparser/2.0.7.RELEASE/attoparser-2.0.7.RELEASE.jar:/Users/jgilhuly/.m2/repository/org/unbescape/unbescape/1.1.6.RELEASE/unbescape-1.1.6.RELEASE.jar:/Users/jgilhuly/.m2/repository/com/h2database/h2/2.2.224/h2-2.2.224.jar:/Users/jgilhuly/.m2/repository/org/postgresql/postgresql/42.6.0/postgresql-42.6.0.jar:/Users/jgilhuly/.m2/repository/org/checkerframework/checker-qual/3.31.0/checker-qual-3.31.0.jar:/Users/jgilhuly/.m2/repository/org/apache/commons/commons-lang3/3.13.0/commons-lang3-3.13.0.jar:/Users/jgilhuly/.m2/repository/com/fasterxml/jackson/core/jackson-databind/2.15.3/jackson-databind-2.15.3.jar:/Users/jgilhuly/.m2/repository/com/fasterxml/jackson/core/jackson-annotations/2.15.3/jackson-annotations-2.15.3.jar:/Users/jgilhuly/.m2/repository/com/fasterxml/jackson/core/jackson-core/2.15.3/jackson-core-2.15.3.jar:/Users/jgilhuly/.m2/repository/org/springframework/boot/spring-boot-starter-test/3.2.0/spring-boot-starter-test-3.2.0.jar:/Users/jgilhuly/.m2/repository/org/springframework/boot/spring-boot-test/3.2.0/spring-boot-test-3.2.0.jar:/Users/jgilhuly/.m2/repository/org/springframework/boot/spring-boot-test-autoconfigure/3.2.0/spring-boot-test-autoconfigure-3.2.0.jar:/Users/jgilhuly/.m2/repository/com/jayway/jsonpath/json-path/2.8.0/json-path-2.8.0.jar:/Users/jgilhuly/.m2/repository/jakarta/xml/bind/jakarta.xml.bind-api/4.0.1/jakarta.xml.bind-api-4.0.1.jar:/Users/jgilhuly/.m2/repository/jakarta/activation/jakarta.activation-api/2.1.2/jakarta.activation-api-2.1.2.jar:/Users/jgilhuly/.m2/repository/net/minidev/json-smart/2.5.0/json-smart-2.5.0.jar:/Users/jgilhuly/.m2/repository/net/minidev/accessors-smart/2.5.0/accessors-smart-2.5.0.jar:/Users/jgilhuly/.m2/repository/org/ow2/asm/asm/9.3/asm-9.3.jar:/Users/jgilhuly/.m2/repository/org/assertj/assertj-core/3.24.2/assertj-core-3.24.2.jar:/Users/jgilhuly/.m2/repository/org/awaitility/awaitility/4.2.0/awaitility-4.2.0.jar:/Users/jgilhuly/.m2/repository/org/hamcrest/hamcrest/2.2/hamcrest-2.2.jar:/Users/jgilhuly/.m2/repository/org/junit/jupiter/junit-jupiter/5.10.1/junit-jupiter-5.10.1.jar:/Users/jgilhuly/.m2/repository/org/junit/jupiter/junit-jupiter-api/5.10.1/junit-jupiter-api-5.10.1.jar:/Users/jgilhuly/.m2/repository/org/opentest4j/opentest4j/1.3.0/opentest4j-1.3.0.jar:/Users/jgilhuly/.m2/repository/org/junit/platform/junit-platform-commons/1.10.1/junit-platform-commons-1.10.1.jar:/Users/jgilhuly/.m2/repository/org/apiguardian/apiguardian-api/1.1.2/apiguardian-api-1.1.2.jar:/Users/jgilhuly/.m2/repository/org/junit/jupiter/junit-jupiter-params/5.10.1/junit-jupiter-params-5.10.1.jar:/Users/jgilhuly/.m2/repository/org/junit/jupiter/junit-jupiter-engine/5.10.1/junit-jupiter-engine-5.10.1.jar:/Users/jgilhuly/.m2/repository/org/junit/platform/junit-platform-engine/1.10.1/junit-platform-engine-1.10.1.jar:/Users/jgilhuly/.m2/repository/org/mockito/mockito-core/5.7.0/mockito-core-5.7.0.jar:/Users/jgilhuly/.m2/repository/net/bytebuddy/byte-buddy-agent/1.14.10/byte-buddy-agent-1.14.10.jar:/Users/jgilhuly/.m2/repository/org/objenesis/objenesis/3.3/objenesis-3.3.jar:/Users/jgilhuly/.m2/repository/org/mockito/mockito-junit-jupiter/5.7.0/mockito-junit-jupiter-5.7.0.jar:/Users/jgilhuly/.m2/repository/org/skyscreamer/jsonassert/1.5.1/jsonassert-1.5.1.jar:/Users/jgilhuly/.m2/repository/com/vaadin/external/google/android-json/0.0.20131108.vaadin1/android-json-0.0.20131108.vaadin1.jar:/Users/jgilhuly/.m2/repository/org/springframework/spring-core/6.1.1/spring-core-6.1.1.jar:/Users/jgilhuly/.m2/repository/org/springframework/spring-jcl/6.1.1/spring-jcl-6.1.1.jar:/Users/jgilhuly/.m2/repository/org/springframework/spring-test/6.1.1/spring-test-6.1.1.jar:/Users/jgilhuly/.m2/repository/org/xmlunit/xmlunit-core/2.9.1/xmlunit-core-2.9.1.jar:/Users/jgilhuly/.m2/repository/org/springframework/boot/spring-boot-devtools/3.2.0/spring-boot-devtools-3.2.0.jar:/Users/jgilhuly/.m2/repository/org/springframework/boot/spring-boot/3.2.0/spring-boot-3.2.0.jar:/Users/jgilhuly/.m2/repository/org/springframework/boot/spring-boot-autoconfigure/3.2.0/spring-boot-autoconfigure-3.2.0.jar:"/>
    <property name="java.vm.vendor" value="Homebrew"/>
    <property name="sun.arch.data.model" value="64"/>
    <property name="java.vendor.url" value="https://github.com/Homebrew/homebrew-core/issues"/>
    <property name="user.timezone" value="America/Los_Angeles"/>
    <property name="org.jboss.logging.provider" value="slf4j"/>
    <property name="os.name" value="Mac OS X"/>
    <property name="java.vm.specification.version" value="17"/>
    <property name="sun.java.launcher" value="SUN_STANDARD"/>
    <property name="user.country" value="US"/>
    <property name="sun.boot.library.path" value="/opt/homebrew/Cellar/openjdk@17/17.0.16/libexec/openjdk.jdk/Contents/Home/lib"/>
    <property name="sun.java.command" value="/Users/jgilhuly/Documents/dev/demos/demo-repo/java/target/surefire/surefirebooter-20250821082142591_3.jar /Users/jgilhuly/Documents/dev/demos/demo-repo/java/target/surefire 2025-08-21T08-21-42_563-jvmRun1 surefire-20250821082142591_1tmp surefire_0-20250821082142591_2tmp"/>
    <property name="http.nonProxyHosts" value="local|*.local|169.254/16|*.169.254/16"/>
    <property name="jdk.debug" value="release"/>
    <property name="surefire.test.class.path" value="/Users/jgilhuly/Documents/dev/demos/demo-repo/java/target/test-classes:/Users/jgilhuly/Documents/dev/demos/demo-repo/java/target/classes:/Users/jgilhuly/.m2/repository/org/springframework/boot/spring-boot-starter-web/3.2.0/spring-boot-starter-web-3.2.0.jar:/Users/jgilhuly/.m2/repository/org/springframework/boot/spring-boot-starter/3.2.0/spring-boot-starter-3.2.0.jar:/Users/jgilhuly/.m2/repository/org/springframework/boot/spring-boot-starter-logging/3.2.0/spring-boot-starter-logging-3.2.0.jar:/Users/jgilhuly/.m2/repository/ch/qos/logback/logback-classic/1.4.11/logback-classic-1.4.11.jar:/Users/jgilhuly/.m2/repository/ch/qos/logback/logback-core/1.4.11/logback-core-1.4.11.jar:/Users/jgilhuly/.m2/repository/org/apache/logging/log4j/log4j-to-slf4j/2.21.1/log4j-to-slf4j-2.21.1.jar:/Users/jgilhuly/.m2/repository/org/apache/logging/log4j/log4j-api/2.21.1/log4j-api-2.21.1.jar:/Users/jgilhuly/.m2/repository/org/slf4j/jul-to-slf4j/2.0.9/jul-to-slf4j-2.0.9.jar:/Users/jgilhuly/.m2/repository/jakarta/annotation/jakarta.annotation-api/2.1.1/jakarta.annotation-api-2.1.1.jar:/Users/jgilhuly/.m2/repository/org/yaml/snakeyaml/2.2/snakeyaml-2.2.jar:/Users/jgilhuly/.m2/repository/org/springframework/boot/spring-boot-starter-json/3.2.0/spring-boot-starter-json-3.2.0.jar:/Users/jgilhuly/.m2/repository/com/fasterxml/jackson/datatype/jackson-datatype-jdk8/2.15.3/jackson-datatype-jdk8-2.15.3.jar:/Users/jgilhuly/.m2/repository/com/fasterxml/jackson/datatype/jackson-datatype-jsr310/2.15.3/jackson-datatype-jsr310-2.15.3.jar:/Users/jgilhuly/.m2/repository/com/fasterxml/jackson/module/jackson-module-parameter-names/2.15.3/jackson-module-parameter-names-2.15.3.jar:/Users/jgilhuly/.m2/repository/org/springframework/boot/spring-boot-starter-tomcat/3.2.0/spring-boot-starter-tomcat-3.2.0.jar:/Users/jgilhuly/.m2/repository/org/apache/tomcat/embed/tomcat-embed-core/10.1.16/tomcat-embed-core-10.1.16.jar:/Users/jgilhuly/.m2/repository/org/apache/tomcat/embed/tomcat-embed-websocket/10.1.16/tomcat-embed-websocket-10.1.16.jar:/Users/jgilhuly/.m2/repository/org/springframework/spring-web/6.1.1/spring-web-6.1.1.jar:/Users/jgilhuly/.m2/repository/org/springframework/spring-beans/6.1.1/spring-beans-6.1.1.jar:/Users/jgilhuly/.m2/repository/io/micrometer/micrometer-observation/1.12.0/micrometer-observation-1.12.0.jar:/Users/jgilhuly/.m2/repository/io/micrometer/micrometer-commons/1.12.0/micrometer-commons-1.12.0.jar:/Users/jgilhuly/.m2/repository/org/springframework/spring-webmvc/6.1.1/spring-webmvc-6.1.1.jar:/Users/jgilhuly/.m2/repository/org/springframework/spring-aop/6.1.1/spring-aop-6.1.1.jar:/Users/jgilhuly/.m2/repository/org/springframework/spring-context/6.1.1/spring-context-6.1.1.jar:/Users/jgilhuly/.m2/repository/org/springframework/spring-expression/6.1.1/spring-expression-6.1.1.jar:/Users/jgilhuly/.m2/repository/org/springframework/boot/spring-boot-starter-data-jpa/3.2.0/spring-boot-starter-data-jpa-3.2.0.jar:/Users/jgilhuly/.m2/repository/org/springframework/boot/spring-boot-starter-aop/3.2.0/spring-boot-starter-aop-3.2.0.jar:/Users/jgilhuly/.m2/repository/org/aspectj/aspectjweaver/1.9.20.1/aspectjweaver-1.9.20.1.jar:/Users/jgilhuly/.m2/repository/org/springframework/boot/spring-boot-starter-jdbc/3.2.0/spring-boot-starter-jdbc-3.2.0.jar:/Users/jgilhuly/.m2/repository/com/zaxxer/HikariCP/5.0.1/HikariCP-5.0.1.jar:/Users/jgilhuly/.m2/repository/org/springframework/spring-jdbc/6.1.1/spring-jdbc-6.1.1.jar:/Users/jgilhuly/.m2/repository/org/hibernate/orm/hibernate-core/6.3.1.Final/hibernate-core-6.3.1.Final.jar:/Users/jgilhuly/.m2/repository/jakarta/persistence/jakarta.persistence-api/3.1.0/jakarta.persistence-api-3.1.0.jar:/Users/jgilhuly/.m2/repository/jakarta/transaction/jakarta.transaction-api/2.0.1/jakarta.transaction-api-2.0.1.jar:/Users/jgilhuly/.m2/repository/org/jboss/logging/jboss-logging/3.5.3.Final/jboss-logging-3.5.3.Final.jar:/Users/jgilhuly/.m2/repository/org/hibernate/common/hibernate-commons-annotations/6.0.6.Final/hibernate-commons-annotations-6.0.6.Final.jar:/Users/jgilhuly/.m2/repository/io/smallrye/jandex/3.1.2/jandex-3.1.2.jar:/Users/jgilhuly/.m2/repository/com/fasterxml/classmate/1.6.0/classmate-1.6.0.jar:/Users/jgilhuly/.m2/repository/net/bytebuddy/byte-buddy/1.14.10/byte-buddy-1.14.10.jar:/Users/jgilhuly/.m2/repository/org/glassfish/jaxb/jaxb-runtime/4.0.4/jaxb-runtime-4.0.4.jar:/Users/jgilhuly/.m2/repository/org/glassfish/jaxb/jaxb-core/4.0.4/jaxb-core-4.0.4.jar:/Users/jgilhuly/.m2/repository/org/eclipse/angus/angus-activation/2.0.1/angus-activation-2.0.1.jar:/Users/jgilhuly/.m2/repository/org/glassfish/jaxb/txw2/4.0.4/txw2-4.0.4.jar:/Users/jgilhuly/.m2/repository/com/sun/istack/istack-commons-runtime/4.1.2/istack-commons-runtime-4.1.2.jar:/Users/jgilhuly/.m2/repository/jakarta/inject/jakarta.inject-api/2.0.1/jakarta.inject-api-2.0.1.jar:/Users/jgilhuly/.m2/repository/org/antlr/antlr4-runtime/4.10.1/antlr4-runtime-4.10.1.jar:/Users/jgilhuly/.m2/repository/org/springframework/data/spring-data-jpa/3.2.0/spring-data-jpa-3.2.0.jar:/Users/jgilhuly/.m2/repository/org/springframework/data/spring-data-commons/3.2.0/spring-data-commons-3.2.0.jar:/Users/jgilhuly/.m2/repository/org/springframework/spring-orm/6.1.1/spring-orm-6.1.1.jar:/Users/jgilhuly/.m2/repository/org/springframework/spring-tx/6.1.1/spring-tx-6.1.1.jar:/Users/jgilhuly/.m2/repository/org/slf4j/slf4j-api/2.0.9/slf4j-api-2.0.9.jar:/Users/jgilhuly/.m2/repository/org/springframework/spring-aspects/6.1.1/spring-aspects-6.1.1.jar:/Users/jgilhuly/.m2/repository/org/springframework/boot/spring-boot-starter-validation/3.2.0/spring-boot-starter-validation-3.2.0.jar:/Users/jgilhuly/.m2/repository/org/apache/tomcat/embed/tomcat-embed-el/10.1.16/tomcat-embed-el-10.1.16.jar:/Users/jgilhuly/.m2/repository/org/hibernate/validator/hibernate-validator/8.0.1.Final/hibernate-validator-8.0.1.Final.jar:/Users/jgilhuly/.m2/repository/jakarta/validation/jakarta.validation-api/3.0.2/jakarta.validation-api-3.0.2.jar:/Users/jgilhuly/.m2/repository/org/springframework/boot/spring-boot-starter-thymeleaf/3.2.0/spring-boot-starter-thymeleaf-3.2.0.jar:/Users/jgilhuly/.m2/repository/org/thymeleaf/thymeleaf-spring6/3.1.2.RELEASE/thymeleaf-spring6-3.1.2.RELEASE.jar:/Users/jgilhuly/.m2/repository/org/thymeleaf/thymeleaf/3.1.2.RELEASE/thymeleaf-3.1.2.RELEASE.jar:/Users/jgilhuly/.m2/repository/org/attoparser/attoparser/2.0.7.RELEASE/attoparser-2.0.7.RELEASE.jar:/Users/jgilhuly/.m2/repository/org/unbescape/unbescape/1.1.6.RELEASE/unbescape-1.1.6.RELEASE.jar:/Users/jgilhuly/.m2/repository/com/h2database/h2/2.2.224/h2-2.2.224.jar:/Users/jgilhuly/.m2/repository/org/postgresql/postgresql/42.6.0/postgresql-42.6.0.jar:/Users/jgilhuly/.m2/repository/org/checkerframework/checker-qual/3.31.0/checker-qual-3.31.0.jar:/Users/jgilhuly/.m2/repository/org/apache/commons/commons-lang3/3.13.0/commons-lang3-3.13.0.jar:/Users/jgilhuly/.m2/repository/com/fasterxml/jackson/core/jackson-databind/2.15.3/jackson-databind-2.15.3.jar:/Users/jgilhuly/.m2/repository/com/fasterxml/jackson/core/jackson-annotations/2.15.3/jackson-annotations-2.15.3.jar:/Users/jgilhuly/.m2/repository/com/fasterxml/jackson/core/jackson-core/2.15.3/jackson-core-2.15.3.jar:/Users/jgilhuly/.m2/repository/org/springframework/boot/spring-boot-starter-test/3.2.0/spring-boot-starter-test-3.2.0.jar:/Users/jgilhuly/.m2/repository/org/springframework/boot/spring-boot-test/3.2.0/spring-boot-test-3.2.0.jar:/Users/jgilhuly/.m2/repository/org/springframework/boot/spring-boot-test-autoconfigure/3.2.0/spring-boot-test-autoconfigure-3.2.0.jar:/Users/jgilhuly/.m2/repository/com/jayway/jsonpath/json-path/2.8.0/json-path-2.8.0.jar:/Users/jgilhuly/.m2/repository/jakarta/xml/bind/jakarta.xml.bind-api/4.0.1/jakarta.xml.bind-api-4.0.1.jar:/Users/jgilhuly/.m2/repository/jakarta/activation/jakarta.activation-api/2.1.2/jakarta.activation-api-2.1.2.jar:/Users/jgilhuly/.m2/repository/net/minidev/json-smart/2.5.0/json-smart-2.5.0.jar:/Users/jgilhuly/.m2/repository/net/minidev/accessors-smart/2.5.0/accessors-smart-2.5.0.jar:/Users/jgilhuly/.m2/repository/org/ow2/asm/asm/9.3/asm-9.3.jar:/Users/jgilhuly/.m2/repository/org/assertj/assertj-core/3.24.2/assertj-core-3.24.2.jar:/Users/jgilhuly/.m2/repository/org/awaitility/awaitility/4.2.0/awaitility-4.2.0.jar:/Users/jgilhuly/.m2/repository/org/hamcrest/hamcrest/2.2/hamcrest-2.2.jar:/Users/jgilhuly/.m2/repository/org/junit/jupiter/junit-jupiter/5.10.1/junit-jupiter-5.10.1.jar:/Users/jgilhuly/.m2/repository/org/junit/jupiter/junit-jupiter-api/5.10.1/junit-jupiter-api-5.10.1.jar:/Users/jgilhuly/.m2/repository/org/opentest4j/opentest4j/1.3.0/opentest4j-1.3.0.jar:/Users/jgilhuly/.m2/repository/org/junit/platform/junit-platform-commons/1.10.1/junit-platform-commons-1.10.1.jar:/Users/jgilhuly/.m2/repository/org/apiguardian/apiguardian-api/1.1.2/apiguardian-api-1.1.2.jar:/Users/jgilhuly/.m2/repository/org/junit/jupiter/junit-jupiter-params/5.10.1/junit-jupiter-params-5.10.1.jar:/Users/jgilhuly/.m2/repository/org/junit/jupiter/junit-jupiter-engine/5.10.1/junit-jupiter-engine-5.10.1.jar:/Users/jgilhuly/.m2/repository/org/junit/platform/junit-platform-engine/1.10.1/junit-platform-engine-1.10.1.jar:/Users/jgilhuly/.m2/repository/org/mockito/mockito-core/5.7.0/mockito-core-5.7.0.jar:/Users/jgilhuly/.m2/repository/net/bytebuddy/byte-buddy-agent/1.14.10/byte-buddy-agent-1.14.10.jar:/Users/jgilhuly/.m2/repository/org/objenesis/objenesis/3.3/objenesis-3.3.jar:/Users/jgilhuly/.m2/repository/org/mockito/mockito-junit-jupiter/5.7.0/mockito-junit-jupiter-5.7.0.jar:/Users/jgilhuly/.m2/repository/org/skyscreamer/jsonassert/1.5.1/jsonassert-1.5.1.jar:/Users/jgilhuly/.m2/repository/com/vaadin/external/google/android-json/0.0.20131108.vaadin1/android-json-0.0.20131108.vaadin1.jar:/Users/jgilhuly/.m2/repository/org/springframework/spring-core/6.1.1/spring-core-6.1.1.jar:/Users/jgilhuly/.m2/repository/org/springframework/spring-jcl/6.1.1/spring-jcl-6.1.1.jar:/Users/jgilhuly/.m2/repository/org/springframework/spring-test/6.1.1/spring-test-6.1.1.jar:/Users/jgilhuly/.m2/repository/org/xmlunit/xmlunit-core/2.9.1/xmlunit-core-2.9.1.jar:/Users/jgilhuly/.m2/repository/org/springframework/boot/spring-boot-devtools/3.2.0/spring-boot-devtools-3.2.0.jar:/Users/jgilhuly/.m2/repository/org/springframework/boot/spring-boot/3.2.0/spring-boot-3.2.0.jar:/Users/jgilhuly/.m2/repository/org/springframework/boot/spring-boot-autoconfigure/3.2.0/spring-boot-autoconfigure-3.2.0.jar:"/>
    <property name="sun.cpu.endian" value="little"/>
    <property name="user.home" value="/Users/jgilhuly"/>
    <property name="user.language" value="en"/>
    <property name="java.specification.vendor" value="Oracle Corporation"/>
    <property name="java.version.date" value="2025-07-15"/>
    <property name="java.home" value="/opt/homebrew/Cellar/openjdk@17/17.0.16/libexec/openjdk.jdk/Contents/Home"/>
    <property name="file.separator" value="/"/>
    <property name="basedir" value="/Users/jgilhuly/Documents/dev/demos/demo-repo/java"/>
    <property name="java.vm.compressedOopsMode" value="Zero based"/>
    <property name="line.separator" value="&#10;"/>
    <property name="java.vm.specification.vendor" value="Oracle Corporation"/>
    <property name="java.specification.name" value="Java Platform API Specification"/>
    <property name="FILE_LOG_CHARSET" value="UTF-8"/>
    <property name="java.awt.headless" value="true"/>
    <property name="surefire.real.class.path" value="/Users/jgilhuly/Documents/dev/demos/demo-repo/java/target/surefire/surefirebooter-20250821082142591_3.jar"/>
    <property name="sun.management.compiler" value="HotSpot 64-Bit Tiered Compilers"/>
    <property name="ftp.nonProxyHosts" value="local|*.local|169.254/16|*.169.254/16"/>
    <property name="java.runtime.version" value="17.0.16+0"/>
    <property name="user.name" value="jgilhuly"/>
    <property name="path.separator" value=":"/>
    <property name="os.version" value="15.6"/>
    <property name="java.runtime.name" value="OpenJDK Runtime Environment"/>
    <property name="file.encoding" value="UTF-8"/>
    <property name="java.vm.name" value="OpenJDK 64-Bit Server VM"/>
    <property name="skipTests" value="false"/>
    <property name="java.vendor.version" value="Homebrew"/>
    <property name="localRepository" value="/Users/jgilhuly/.m2/repository"/>
    <property name="java.vendor.url.bug" value="https://github.com/Homebrew/homebrew-core/issues"/>
    <property name="java.io.tmpdir" value="/var/folders/ks/sj3pzjl10ls165vlp_1xb2nw0000gn/T/"/>
    <property name="com.zaxxer.hikari.pool_number" value="1"/>
    <property name="java.version" value="17.0.16"/>
    <property name="user.dir" value="/Users/jgilhuly/Documents/dev/demos/demo-repo/java"/>
    <property name="os.arch" value="aarch64"/>
    <property name="java.vm.specification.name" value="Java Virtual Machine Specification"/>
    <property name="PID" value="76457"/>
    <property name="CONSOLE_LOG_CHARSET" value="UTF-8"/>
    <property name="native.encoding" value="UTF-8"/>
    <property name="java.library.path" value="/Users/jgilhuly/Library/Java/Extensions:/Library/Java/Extensions:/Network/Library/Java/Extensions:/System/Library/Java/Extensions:/usr/lib/java:."/>
    <property name="java.vm.info" value="mixed mode, sharing"/>
    <property name="java.vendor" value="Homebrew"/>
    <property name="java.vm.version" value="17.0.16+0"/>
    <property name="java.specification.maintenance.version" value="1"/>
    <property name="sun.io.unicode.encoding" value="UnicodeBig"/>
    <property name="socksNonProxyHosts" value="local|*.local|169.254/16|*.169.254/16"/>
    <property name="java.class.version" value="61.0"/>
    <property name="LOGGED_APPLICATION_NAME" value="[Learning Management System] "/>
  </properties>
  <testcase name="contextLoads" classname="com.lms.LmsApplicationTests" time="0.248">
    <system-out><![CDATA[08:21:42.864 [main] INFO org.springframework.test.context.support.AnnotationConfigContextLoaderUtils -- Could not detect default configuration classes for test class [com.lms.LmsApplicationTests]: LmsApplicationTests does not declare any static, non-private, non-final, nested classes annotated with @Configuration.
08:21:42.894 [main] INFO org.springframework.boot.test.context.SpringBootTestContextBootstrapper -- Found @SpringBootConfiguration com.lms.LmsApplication for test class com.lms.LmsApplicationTests
08:21:42.935 [main] INFO org.springframework.boot.devtools.restart.RestartApplicationListener -- Restart disabled due to context in which it is running

  .   ____          _            __ _ _
 /\\ / ___'_ __ _ _(_)_ __  __ _ \ \ \ \
( ( )\___ | '_ | '_| | '_ \/ _` | \ \ \ \
 \\/  ___)| |_)| | | | | || (_| |  ) ) ) )
  '  |____| .__|_| |_|_| |_\__, | / / / /
 =========|_|==============|___/=/_/_/_/
 :: Spring Boot ::                (v3.2.0)

2025-08-21T08:21:43.016-07:00  INFO 76457 --- [Learning Management System] [           main] com.lms.LmsApplicationTests              : Starting LmsApplicationTests using Java 17.0.16 with PID 76457 (started by jgilhuly in /Users/jgilhuly/Documents/dev/demos/demo-repo/java)
2025-08-21T08:21:43.016-07:00 DEBUG 76457 --- [Learning Management System] [           main] com.lms.LmsApplicationTests              : Running with Spring Boot v3.2.0, Spring v6.1.1
2025-08-21T08:21:43.017-07:00  INFO 76457 --- [Learning Management System] [           main] com.lms.LmsApplicationTests              : No active profile set, falling back to 1 default profile: "default"
2025-08-21T08:21:43.203-07:00  INFO 76457 --- [Learning Management System] [           main] .s.d.r.c.RepositoryConfigurationDelegate : Bootstrapping Spring Data JPA repositories in DEFAULT mode.
2025-08-21T08:21:43.221-07:00  INFO 76457 --- [Learning Management System] [           main] .s.d.r.c.RepositoryConfigurationDelegate : Finished Spring Data repository scanning in 16 ms. Found 5 JPA repository interfaces.
2025-08-21T08:21:43.355-07:00  INFO 76457 --- [Learning Management System] [           main] o.hibernate.jpa.internal.util.LogHelper  : HHH000204: Processing PersistenceUnitInfo [name: default]
2025-08-21T08:21:43.369-07:00  INFO 76457 --- [Learning Management System] [           main] org.hibernate.Version                    : HHH000412: Hibernate ORM core version 6.3.1.Final
2025-08-21T08:21:43.378-07:00  INFO 76457 --- [Learning Management System] [           main] o.h.c.internal.RegionFactoryInitiator    : HHH000026: Second-level cache disabled
2025-08-21T08:21:43.443-07:00  INFO 76457 --- [Learning Management System] [           main] o.s.o.j.p.SpringPersistenceUnitInfo      : No LoadTimeWeaver setup: ignoring JPA class transformer
2025-08-21T08:21:43.450-07:00  INFO 76457 --- [Learning Management System] [           main] com.zaxxer.hikari.HikariDataSource       : HikariPool-1 - Starting...
2025-08-21T08:21:43.503-07:00  INFO 76457 --- [Learning Management System] [           main] com.zaxxer.hikari.pool.HikariPool        : HikariPool-1 - Added connection conn0: url=jdbc:h2:mem:lmsdb user=SA
2025-08-21T08:21:43.503-07:00  INFO 76457 --- [Learning Management System] [           main] com.zaxxer.hikari.HikariDataSource       : HikariPool-1 - Start completed.
2025-08-21T08:21:43.510-07:00  WARN 76457 --- [Learning Management System] [           main] org.hibernate.orm.deprecation            : HHH90000025: H2Dialect does not need to be specified explicitly using 'hibernate.dialect' (remove the property setting and it will be selected by default)
2025-08-21T08:21:43.840-07:00  INFO 76457 --- [Learning Management System] [           main] o.h.e.t.j.p.i.JtaPlatformInitiator       : HHH000489: No JTA platform available (set 'hibernate.transaction.jta.platform' to enable JTA platform integration)
2025-08-21T08:21:43.845-07:00 DEBUG 76457 --- [Learning Management System] [           main] org.hibernate.SQL                        : 
    drop table if exists assignment_submissions cascade 
Hibernate: 
    drop table if exists assignment_submissions cascade 
2025-08-21T08:21:43.846-07:00 DEBUG 76457 --- [Learning Management System] [           main] org.hibernate.SQL                        : 
    drop table if exists assignments cascade 
Hibernate: 
    drop table if exists assignments cascade 
2025-08-21T08:21:43.846-07:00 DEBUG 76457 --- [Learning Management System] [           main] org.hibernate.SQL                        : 
    drop table if exists courses cascade 
Hibernate: 
    drop table if exists courses cascade 
2025-08-21T08:21:43.846-07:00 DEBUG 76457 --- [Learning Management System] [           main] org.hibernate.SQL                        : 
    drop table if exists enrollments cascade 
Hibernate: 
    drop table if exists enrollments cascade 
2025-08-21T08:21:43.846-07:00 DEBUG 76457 --- [Learning Management System] [           main] org.hibernate.SQL                        : 
    drop table if exists lessons cascade 
Hibernate: 
    drop table if exists lessons cascade 
2025-08-21T08:21:43.846-07:00 DEBUG 76457 --- [Learning Management System] [           main] org.hibernate.SQL                        : 
    drop table if exists modules cascade 
Hibernate: 
    drop table if exists modules cascade 
2025-08-21T08:21:43.846-07:00 DEBUG 76457 --- [Learning Management System] [           main] org.hibernate.SQL                        : 
    drop table if exists users cascade 
Hibernate: 
    drop table if exists users cascade 
2025-08-21T08:21:43.848-07:00 DEBUG 76457 --- [Learning Management System] [           main] org.hibernate.SQL                        : 
    create table assignment_submissions (
        max_score float(53),
        score float(53),
        assignment_id bigint not null,
        graded_at timestamp(6),
        id bigint generated by default as identity,
        submitted_at timestamp(6) not null,
        updated_at timestamp(6),
        user_id bigint not null,
        attachment_url varchar(255),
        content TEXT,
        feedback TEXT,
        status varchar(255) not null check (status in ('SUBMITTED','GRADED','RETURNED','LATE')),
        primary key (id)
    )
Hibernate: 
    create table assignment_submissions (
        max_score float(53),
        score float(53),
        assignment_id bigint not null,
        graded_at timestamp(6),
        id bigint generated by default as identity,
        submitted_at timestamp(6) not null,
        updated_at timestamp(6),
        user_id bigint not null,
        attachment_url varchar(255),
        content TEXT,
        feedback TEXT,
        status varchar(255) not null check (status in ('SUBMITTED','GRADED','RETURNED','LATE')),
        primary key (id)
    )
2025-08-21T08:21:43.853-07:00 DEBUG 76457 --- [Learning Management System] [           main] org.hibernate.SQL                        : 
    create table assignments (
        allow_late_submission boolean,
        is_published boolean,
        late_penalty_percentage float(53),
        max_points integer,
        course_id bigint not null,
        created_at timestamp(6) not null,
        due_date timestamp(6),
        id bigint generated by default as identity,
        updated_at timestamp(6),
        description TEXT,
        title varchar(255) not null,
        primary key (id)
    )
Hibernate: 
    create table assignments (
        allow_late_submission boolean,
        is_published boolean,
        late_penalty_percentage float(53),
        max_points integer,
        course_id bigint not null,
        created_at timestamp(6) not null,
        due_date timestamp(6),
        id bigint generated by default as identity,
        updated_at timestamp(6),
        description TEXT,
        title varchar(255) not null,
        primary key (id)
    )
2025-08-21T08:21:43.854-07:00 DEBUG 76457 --- [Learning Management System] [           main] org.hibernate.SQL                        : 
    create table courses (
        is_active boolean,
        is_published boolean,
        max_enrollments integer,
        created_at timestamp(6) not null,
        end_date timestamp(6),
        id bigint generated by default as identity,
        instructor_id bigint not null,
        start_date timestamp(6),
        updated_at timestamp(6),
        code varchar(255) unique,
        description TEXT,
        thumbnail_url varchar(255),
        title varchar(255) not null,
        primary key (id)
    )
Hibernate: 
    create table courses (
        is_active boolean,
        is_published boolean,
        max_enrollments integer,
        created_at timestamp(6) not null,
        end_date timestamp(6),
        id bigint generated by default as identity,
        instructor_id bigint not null,
        start_date timestamp(6),
        updated_at timestamp(6),
        code varchar(255) unique,
        description TEXT,
        thumbnail_url varchar(255),
        title varchar(255) not null,
        primary key (id)
    )
2025-08-21T08:21:43.855-07:00 DEBUG 76457 --- [Learning Management System] [           main] org.hibernate.SQL                        : 
    create table enrollments (
        progress_percentage float(53),
        completed_at timestamp(6),
        course_id bigint not null,
        enrolled_at timestamp(6) not null,
        id bigint generated by default as identity,
        user_id bigint not null,
        grade varchar(255),
        status varchar(255) not null check (status in ('ACTIVE','COMPLETED','DROPPED','SUSPENDED')),
        primary key (id)
    )
Hibernate: 
    create table enrollments (
        progress_percentage float(53),
        completed_at timestamp(6),
        course_id bigint not null,
        enrolled_at timestamp(6) not null,
        id bigint generated by default as identity,
        user_id bigint not null,
        grade varchar(255),
        status varchar(255) not null check (status in ('ACTIVE','COMPLETED','DROPPED','SUSPENDED')),
        primary key (id)
    )
2025-08-21T08:21:43.856-07:00 DEBUG 76457 --- [Learning Management System] [           main] org.hibernate.SQL                        : 
    create table lessons (
        estimated_duration_minutes integer,
        is_published boolean,
        order_index integer,
        created_at timestamp(6) not null,
        id bigint generated by default as identity,
        module_id bigint not null,
        updated_at timestamp(6),
        attachment_url varchar(255),
        content TEXT,
        title varchar(255) not null,
        video_url varchar(255),
        primary key (id)
    )
Hibernate: 
    create table lessons (
        estimated_duration_minutes integer,
        is_published boolean,
        order_index integer,
        created_at timestamp(6) not null,
        id bigint generated by default as identity,
        module_id bigint not null,
        updated_at timestamp(6),
        attachment_url varchar(255),
        content TEXT,
        title varchar(255) not null,
        video_url varchar(255),
        primary key (id)
    )
2025-08-21T08:21:43.856-07:00 DEBUG 76457 --- [Learning Management System] [           main] org.hibernate.SQL                        : 
    create table modules (
        estimated_duration_minutes integer,
        is_published boolean,
        order_index integer,
        course_id bigint not null,
        created_at timestamp(6) not null,
        id bigint generated by default as identity,
        updated_at timestamp(6),
        description TEXT,
        title varchar(255) not null,
        primary key (id)
    )
Hibernate: 
    create table modules (
        estimated_duration_minutes integer,
        is_published boolean,
        order_index integer,
        course_id bigint not null,
        created_at timestamp(6) not null,
        id bigint generated by default as identity,
        updated_at timestamp(6),
        description TEXT,
        title varchar(255) not null,
        primary key (id)
    )
2025-08-21T08:21:43.857-07:00 DEBUG 76457 --- [Learning Management System] [           main] org.hibernate.SQL                        : 
    create table users (
        is_active boolean,
        created_at timestamp(6) not null,
        id bigint generated by default as identity,
        updated_at timestamp(6),
        bio varchar(1000),
        email varchar(255) not null unique,
        first_name varchar(255) not null,
        last_name varchar(255) not null,
        password varchar(255) not null,
        profile_picture varchar(255),
        role varchar(255) not null check (role in ('STUDENT','INSTRUCTOR','ADMIN')),
        username varchar(255) not null unique,
        primary key (id)
    )
Hibernate: 
    create table users (
        is_active boolean,
        created_at timestamp(6) not null,
        id bigint generated by default as identity,
        updated_at timestamp(6),
        bio varchar(1000),
        email varchar(255) not null unique,
        first_name varchar(255) not null,
        last_name varchar(255) not null,
        password varchar(255) not null,
        profile_picture varchar(255),
        role varchar(255) not null check (role in ('STUDENT','INSTRUCTOR','ADMIN')),
        username varchar(255) not null unique,
        primary key (id)
    )
2025-08-21T08:21:43.858-07:00 DEBUG 76457 --- [Learning Management System] [           main] org.hibernate.SQL                        : 
    alter table if exists assignment_submissions 
       add constraint FKm7i7ubgh7y2n6mvg8muw62oax 
       foreign key (assignment_id) 
       references assignments
Hibernate: 
    alter table if exists assignment_submissions 
       add constraint FKm7i7ubgh7y2n6mvg8muw62oax 
       foreign key (assignment_id) 
       references assignments
2025-08-21T08:21:43.862-07:00 DEBUG 76457 --- [Learning Management System] [           main] org.hibernate.SQL                        : 
    alter table if exists assignment_submissions 
       add constraint FK9vxe3h8ndrokkmeci6mmi79gg 
       foreign key (user_id) 
       references users
Hibernate: 
    alter table if exists assignment_submissions 
       add constraint FK9vxe3h8ndrokkmeci6mmi79gg 
       foreign key (user_id) 
       references users
2025-08-21T08:21:43.862-07:00 DEBUG 76457 --- [Learning Management System] [           main] org.hibernate.SQL                        : 
    alter table if exists assignments 
       add constraint FK6p1m72jobsvmrrn4bpj4168mg 
       foreign key (course_id) 
       references courses
Hibernate: 
    alter table if exists assignments 
       add constraint FK6p1m72jobsvmrrn4bpj4168mg 
       foreign key (course_id) 
       references courses
2025-08-21T08:21:43.863-07:00 DEBUG 76457 --- [Learning Management System] [           main] org.hibernate.SQL                        : 
    alter table if exists courses 
       add constraint FKcyfum8goa6q5u13uog0563gyp 
       foreign key (instructor_id) 
       references users
Hibernate: 
    alter table if exists courses 
       add constraint FKcyfum8goa6q5u13uog0563gyp 
       foreign key (instructor_id) 
       references users
2025-08-21T08:21:43.863-07:00 DEBUG 76457 --- [Learning Management System] [           main] org.hibernate.SQL                        : 
    alter table if exists enrollments 
       add constraint FKho8mcicp4196ebpltdn9wl6co 
       foreign key (course_id) 
       references courses
Hibernate: 
    alter table if exists enrollments 
       add constraint FKho8mcicp4196ebpltdn9wl6co 
       foreign key (course_id) 
       references courses
2025-08-21T08:21:43.865-07:00 DEBUG 76457 --- [Learning Management System] [           main] org.hibernate.SQL                        : 
    alter table if exists enrollments 
       add constraint FK3hjx6rcnbmfw368sxigrpfpx0 
       foreign key (user_id) 
       references users
Hibernate: 
    alter table if exists enrollments 
       add constraint FK3hjx6rcnbmfw368sxigrpfpx0 
       foreign key (user_id) 
       references users
2025-08-21T08:21:43.865-07:00 DEBUG 76457 --- [Learning Management System] [           main] org.hibernate.SQL                        : 
    alter table if exists lessons 
       add constraint FKt9yjhjbd9y3w6fxs66ny1wu02 
       foreign key (module_id) 
       references modules
Hibernate: 
    alter table if exists lessons 
       add constraint FKt9yjhjbd9y3w6fxs66ny1wu02 
       foreign key (module_id) 
       references modules
2025-08-21T08:21:43.866-07:00 DEBUG 76457 --- [Learning Management System] [           main] org.hibernate.SQL                        : 
    alter table if exists modules 
       add constraint FK8qnnp812q1jd38fx7mxrhpw9 
       foreign key (course_id) 
       references courses
Hibernate: 
    alter table if exists modules 
       add constraint FK8qnnp812q1jd38fx7mxrhpw9 
       foreign key (course_id) 
       references courses
2025-08-21T08:21:43.867-07:00  INFO 76457 --- [Learning Management System] [           main] j.LocalContainerEntityManagerFactoryBean : Initialized JPA EntityManagerFactory for persistence unit 'default'
2025-08-21T08:21:43.990-07:00  INFO 76457 --- [Learning Management System] [           main] o.s.d.j.r.query.QueryEnhancerFactory     : Hibernate is in classpath; If applicable, HQL parser will be used.
2025-08-21T08:21:44.258-07:00  WARN 76457 --- [Learning Management System] [           main] JpaBaseConfiguration$JpaWebConfiguration : spring.jpa.open-in-view is enabled by default. Therefore, database queries may be performed during view rendering. Explicitly configure spring.jpa.open-in-view to disable this warning
2025-08-21T08:21:44.351-07:00  WARN 76457 --- [Learning Management System] [           main] ion$DefaultTemplateResolverConfiguration : Cannot find template location: classpath:/templates/ (please add some templates, check your Thymeleaf configuration, or set spring.thymeleaf.check-template-location=false)
2025-08-21T08:21:44.365-07:00  INFO 76457 --- [Learning Management System] [           main] o.s.b.a.h2.H2ConsoleAutoConfiguration    : H2 console available at '/h2-console'. Database available at 'jdbc:h2:mem:lmsdb'
2025-08-21T08:21:44.384-07:00  INFO 76457 --- [Learning Management System] [           main] com.lms.LmsApplicationTests              : Started LmsApplicationTests in 1.452 seconds (process running for 1.738)
2025-08-21T08:21:44.404-07:00 DEBUG 76457 --- [Learning Management System] [           main] org.hibernate.SQL                        : 
    select
        count(*) 
    from
        users u1_0
Hibernate: 
    select
        count(*) 
    from
        users u1_0
2025-08-21T08:21:44.442-07:00 DEBUG 76457 --- [Learning Management System] [           main] org.hibernate.SQL                        : 
    insert 
    into
        users
        (bio, created_at, email, first_name, is_active, last_name, password, profile_picture, role, updated_at, username, id) 
    values
        (?, ?, ?, ?, ?, ?, ?, ?, ?, ?, ?, default)
Hibernate: 
    insert 
    into
        users
        (bio, created_at, email, first_name, is_active, last_name, password, profile_picture, role, updated_at, username, id) 
    values
        (?, ?, ?, ?, ?, ?, ?, ?, ?, ?, ?, default)
2025-08-21T08:21:44.450-07:00 DEBUG 76457 --- [Learning Management System] [           main] org.hibernate.SQL                        : 
    insert 
    into
        users
        (bio, created_at, email, first_name, is_active, last_name, password, profile_picture, role, updated_at, username, id) 
    values
        (?, ?, ?, ?, ?, ?, ?, ?, ?, ?, ?, default)
Hibernate: 
    insert 
    into
        users
        (bio, created_at, email, first_name, is_active, last_name, password, profile_picture, role, updated_at, username, id) 
    values
        (?, ?, ?, ?, ?, ?, ?, ?, ?, ?, ?, default)
2025-08-21T08:21:44.451-07:00 DEBUG 76457 --- [Learning Management System] [           main] org.hibernate.SQL                        : 
    insert 
    into
        users
        (bio, created_at, email, first_name, is_active, last_name, password, profile_picture, role, updated_at, username, id) 
    values
        (?, ?, ?, ?, ?, ?, ?, ?, ?, ?, ?, default)
Hibernate: 
    insert 
    into
        users
        (bio, created_at, email, first_name, is_active, last_name, password, profile_picture, role, updated_at, username, id) 
    values
        (?, ?, ?, ?, ?, ?, ?, ?, ?, ?, ?, default)
2025-08-21T08:21:44.451-07:00 DEBUG 76457 --- [Learning Management System] [           main] org.hibernate.SQL                        : 
    insert 
    into
        users
        (bio, created_at, email, first_name, is_active, last_name, password, profile_picture, role, updated_at, username, id) 
    values
        (?, ?, ?, ?, ?, ?, ?, ?, ?, ?, ?, default)
Hibernate: 
    insert 
    into
        users
        (bio, created_at, email, first_name, is_active, last_name, password, profile_picture, role, updated_at, username, id) 
    values
        (?, ?, ?, ?, ?, ?, ?, ?, ?, ?, ?, default)
2025-08-21T08:21:44.456-07:00 DEBUG 76457 --- [Learning Management System] [           main] org.hibernate.SQL                        : 
    insert 
    into
        courses
        (code, created_at, description, end_date, instructor_id, is_active, is_published, max_enrollments, start_date, thumbnail_url, title, updated_at, id) 
    values
        (?, ?, ?, ?, ?, ?, ?, ?, ?, ?, ?, ?, default)
Hibernate: 
    insert 
    into
        courses
        (code, created_at, description, end_date, instructor_id, is_active, is_published, max_enrollments, start_date, thumbnail_url, title, updated_at, id) 
    values
        (?, ?, ?, ?, ?, ?, ?, ?, ?, ?, ?, ?, default)
2025-08-21T08:21:44.460-07:00 DEBUG 76457 --- [Learning Management System] [           main] org.hibernate.SQL                        : 
    insert 
    into
        modules
        (course_id, created_at, description, estimated_duration_minutes, is_published, order_index, title, updated_at, id) 
    values
        (?, ?, ?, ?, ?, ?, ?, ?, default)
Hibernate: 
    insert 
    into
        modules
        (course_id, created_at, description, estimated_duration_minutes, is_published, order_index, title, updated_at, id) 
    values
        (?, ?, ?, ?, ?, ?, ?, ?, default)
2025-08-21T08:21:44.461-07:00 DEBUG 76457 --- [Learning Management System] [           main] org.hibernate.SQL                        : 
    insert 
    into
        modules
        (course_id, created_at, description, estimated_duration_minutes, is_published, order_index, title, updated_at, id) 
    values
        (?, ?, ?, ?, ?, ?, ?, ?, default)
Hibernate: 
    insert 
    into
        modules
        (course_id, created_at, description, estimated_duration_minutes, is_published, order_index, title, updated_at, id) 
    values
        (?, ?, ?, ?, ?, ?, ?, ?, default)
2025-08-21T08:21:44.464-07:00 DEBUG 76457 --- [Learning Management System] [           main] org.hibernate.SQL                        : 
    insert 
    into
        lessons
        (attachment_url, content, created_at, estimated_duration_minutes, is_published, module_id, order_index, title, updated_at, video_url, id) 
    values
        (?, ?, ?, ?, ?, ?, ?, ?, ?, ?, default)
Hibernate: 
    insert 
    into
        lessons
        (attachment_url, content, created_at, estimated_duration_minutes, is_published, module_id, order_index, title, updated_at, video_url, id) 
    values
        (?, ?, ?, ?, ?, ?, ?, ?, ?, ?, default)
2025-08-21T08:21:44.465-07:00 DEBUG 76457 --- [Learning Management System] [           main] org.hibernate.SQL                        : 
    insert 
    into
        lessons
        (attachment_url, content, created_at, estimated_duration_minutes, is_published, module_id, order_index, title, updated_at, video_url, id) 
    values
        (?, ?, ?, ?, ?, ?, ?, ?, ?, ?, default)
Hibernate: 
    insert 
    into
        lessons
        (attachment_url, content, created_at, estimated_duration_minutes, is_published, module_id, order_index, title, updated_at, video_url, id) 
    values
        (?, ?, ?, ?, ?, ?, ?, ?, ?, ?, default)
2025-08-21T08:21:44.466-07:00 DEBUG 76457 --- [Learning Management System] [           main] org.hibernate.SQL                        : 
    insert 
    into
        lessons
        (attachment_url, content, created_at, estimated_duration_minutes, is_published, module_id, order_index, title, updated_at, video_url, id) 
    values
        (?, ?, ?, ?, ?, ?, ?, ?, ?, ?, default)
Hibernate: 
    insert 
    into
        lessons
        (attachment_url, content, created_at, estimated_duration_minutes, is_published, module_id, order_index, title, updated_at, video_url, id) 
    values
        (?, ?, ?, ?, ?, ?, ?, ?, ?, ?, default)
2025-08-21T08:21:44.466-07:00 DEBUG 76457 --- [Learning Management System] [           main] org.hibernate.SQL                        : 
    insert 
    into
        lessons
        (attachment_url, content, created_at, estimated_duration_minutes, is_published, module_id, order_index, title, updated_at, video_url, id) 
    values
        (?, ?, ?, ?, ?, ?, ?, ?, ?, ?, default)
Hibernate: 
    insert 
    into
        lessons
        (attachment_url, content, created_at, estimated_duration_minutes, is_published, module_id, order_index, title, updated_at, video_url, id) 
    values
        (?, ?, ?, ?, ?, ?, ?, ?, ?, ?, default)
2025-08-21T08:21:44.467-07:00 DEBUG 76457 --- [Learning Management System] [           main] org.hibernate.SQL                        : 
    insert 
    into
        lessons
        (attachment_url, content, created_at, estimated_duration_minutes, is_published, module_id, order_index, title, updated_at, video_url, id) 
    values
        (?, ?, ?, ?, ?, ?, ?, ?, ?, ?, default)
Hibernate: 
    insert 
    into
        lessons
        (attachment_url, content, created_at, estimated_duration_minutes, is_published, module_id, order_index, title, updated_at, video_url, id) 
    values
        (?, ?, ?, ?, ?, ?, ?, ?, ?, ?, default)
2025-08-21T08:21:44.470-07:00 DEBUG 76457 --- [Learning Management System] [           main] org.hibernate.SQL                        : 
    insert 
    into
        assignments
        (allow_late_submission, course_id, created_at, description, due_date, is_published, late_penalty_percentage, max_points, title, updated_at, id) 
    values
        (?, ?, ?, ?, ?, ?, ?, ?, ?, ?, default)
Hibernate: 
    insert 
    into
        assignments
        (allow_late_submission, course_id, created_at, description, due_date, is_published, late_penalty_percentage, max_points, title, updated_at, id) 
    values
        (?, ?, ?, ?, ?, ?, ?, ?, ?, ?, default)
2025-08-21T08:21:44.471-07:00 DEBUG 76457 --- [Learning Management System] [           main] org.hibernate.SQL                        : 
    insert 
    into
        assignments
        (allow_late_submission, course_id, created_at, description, due_date, is_published, late_penalty_percentage, max_points, title, updated_at, id) 
    values
        (?, ?, ?, ?, ?, ?, ?, ?, ?, ?, default)
Hibernate: 
    insert 
    into
        assignments
        (allow_late_submission, course_id, created_at, description, due_date, is_published, late_penalty_percentage, max_points, title, updated_at, id) 
    values
        (?, ?, ?, ?, ?, ?, ?, ?, ?, ?, default)
✅ Sample data loaded successfully!
2025-08-21T08:21:44.472-07:00 DEBUG 76457 --- [Learning Management System] [           main] org.hibernate.SQL                        : 
    select
        count(*) 
    from
        users u1_0
Hibernate: 
    select
        count(*) 
    from
        users u1_0
👤 Users created: 4
2025-08-21T08:21:44.473-07:00 DEBUG 76457 --- [Learning Management System] [           main] org.hibernate.SQL                        : 
    select
        count(*) 
    from
        courses c1_0
Hibernate: 
    select
        count(*) 
    from
        courses c1_0
📚 Courses created: 1
2025-08-21T08:21:44.474-07:00 DEBUG 76457 --- [Learning Management System] [           main] org.hibernate.SQL                        : 
    select
        count(*) 
    from
        modules m1_0
Hibernate: 
    select
        count(*) 
    from
        modules m1_0
📖 Modules created: 2
2025-08-21T08:21:44.475-07:00 DEBUG 76457 --- [Learning Management System] [           main] org.hibernate.SQL                        : 
    select
        count(*) 
    from
        lessons l1_0
Hibernate: 
    select
        count(*) 
    from
        lessons l1_0
📝 Lessons created: 5
2025-08-21T08:21:44.475-07:00 DEBUG 76457 --- [Learning Management System] [           main] org.hibernate.SQL                        : 
    select
        count(*) 
    from
        assignments a1_0
Hibernate: 
    select
        count(*) 
    from
        assignments a1_0
📋 Assignments created: 2
]]></system-out>
  </testcase>
</testsuite>